                      :-) GROMACS - gmx mdrun, 2023.2 (-:

Copyright 1991-2023 The GROMACS Authors.
GROMACS is free software; you can redistribute it and/or modify it
under the terms of the GNU Lesser General Public License
as published by the Free Software Foundation; either version 2.1
of the License, or (at your option) any later version.

                         Current GROMACS contributors:
       Mark Abraham           Andrey Alekseenko           Cathrine Bergh      
      Christian Blau            Eliane Briand             Mahesh Doijade      
    Stefan Fleischmann           Vytas Gapsys              Gaurav Garg        
      Sergey Gorelov         Gilles Gouaillardet            Alan Gray         
     M. Eric Irrgang         Farzaneh Jalalypour            Joe Jordan        
    Christoph Junghans        Prashanth Kanduri          Sebastian Keller     
     Carsten Kutzner           Justin A. Lemkul          Magnus Lundborg      
       Pascal Merz              Vedran Miletic            Dmitry Morozov      
       Szilard Pall             Roland Schulz             Michael Shirts      
     Alexey Shvetsov            Balint Soproni         David van der Spoel    
      Philip Turner             Carsten Uphoff           Alessandra Villa     
 Sebastian Wingbermuehle        Artem Zhmurov       

                         Previous GROMACS contributors:
        Emile Apol             Rossen Apostolov           James Barnett       
  Herman J.C. Berendsen          Par Bjelkmar           Viacheslav Bolnykh    
        Kevin Boyd            Aldert van Buuren          Carlo Camilloni      
     Rudi van Drunen            Anton Feenstra           Oliver Fleetwood     
     Gerrit Groenhof            Bert de Groot             Anca Hamuraru       
    Vincent Hindriksen          Victor Holanda           Aleksei Iupinov      
   Dimitrios Karkoulis           Peter Kasson             Sebastian Kehl      
        Jiri Kraus               Per Larsson              Viveca Lindahl      
      Erik Marklund           Pieter Meulenhoff           Teemu Murtola       
       Sander Pronk             Alfons Sijbers            Peter Tieleman      
       Jon Vincent             Teemu Virolainen         Christian Wennberg    
       Maarten Wolf       

                  Coordinated by the GROMACS project leaders:
                    Paul Bauer, Berk Hess, and Erik Lindahl

GROMACS:      gmx mdrun, version 2023.2
Executable:   /usr/local/gromacs/bin/gmx
Data prefix:  /usr/local/gromacs
Working dir:  /home/htchi/gromacs-2023.2/Simulations/Carbon Nanotubes HT/Results/CNT_n13_m11_L5_228
Process ID:   64793
Command line:
  gmx mdrun -deffnm nvt

GROMACS version:    2023.2
Precision:          mixed
Memory model:       64 bit
MPI library:        thread_mpi
OpenMP support:     enabled (GMX_OPENMP_MAX_THREADS = 128)
GPU support:        CUDA
NB cluster size:    8
SIMD instructions:  AVX_512
CPU FFT library:    fftw-3.3.8-sse2-avx-avx2-avx2_128-avx512
GPU FFT library:    cuFFT
Multi-GPU FFT:      none
RDTSCP usage:       enabled
TNG support:        enabled
Hwloc support:      disabled
Tracing support:    disabled
C compiler:         /usr/bin/gcc GNU 13.3.0
C compiler flags:   -fexcess-precision=fast -funroll-all-loops -mavx512f -mfma -mavx512vl -mavx512dq -mavx512bw -Wno-missing-field-initializers -O3 -DNDEBUG
C++ compiler:       /usr/bin/g++ GNU 13.3.0
C++ compiler flags: -fexcess-precision=fast -funroll-all-loops -mavx512f -mfma -mavx512vl -mavx512dq -mavx512bw -Wno-missing-field-initializers -Wno-cast-function-type-strict SHELL:-fopenmp -O3 -DNDEBUG
BLAS library:       
LAPACK library:     
CUDA compiler:      /usr/bin/nvcc nvcc: NVIDIA (R) Cuda compiler driver;Copyright (c) 2005-2023 NVIDIA Corporation;Built on Fri_Jan__6_16:45:21_PST_2023;Cuda compilation tools, release 12.0, V12.0.140;Build cuda_12.0.r12.0/compiler.32267302_0
CUDA compiler flags:-std=c++17;--generate-code=arch=compute_50,code=sm_50;--generate-code=arch=compute_52,code=sm_52;--generate-code=arch=compute_60,code=sm_60;--generate-code=arch=compute_61,code=sm_61;--generate-code=arch=compute_70,code=sm_70;--generate-code=arch=compute_75,code=sm_75;--generate-code=arch=compute_80,code=sm_80;--generate-code=arch=compute_86,code=sm_86;--generate-code=arch=compute_89,code=sm_89;--generate-code=arch=compute_90,code=sm_90;-Wno-deprecated-gpu-targets;--generate-code=arch=compute_53,code=sm_53;--generate-code=arch=compute_80,code=sm_80;-use_fast_math;-Xptxas;-warn-double-usage;-Xptxas;-Werror;-D_FORCE_INLINES;-fexcess-precision=fast -funroll-all-loops -mavx512f -mfma -mavx512vl -mavx512dq -mavx512bw -Wno-missing-field-initializers -Wno-cast-function-type-strict SHELL:-fopenmp -O3 -DNDEBUG
CUDA driver:        12.80
CUDA runtime:       12.0


Running on 1 node with total 8 cores, 16 processing units, 1 compatible GPU
Hardware detected on host HTC:
  CPU info:
    Vendor: AMD
    Brand:  AMD Ryzen 7 8845HS w/ Radeon 780M Graphics     
    Family: 25   Model: 117   Stepping: 2
    Features: aes amd apic avx avx2 avx512f avx512cd avx512bw avx512vl avx512bf16 avx512secondFMA clfsh cmov cx8 cx16 f16c fma htt lahf misalignsse mmx msr nonstop_tsc pclmuldq pdpe1gb popcnt pse rdrnd rdtscp sha sse2 sse3 sse4a sse4.1 sse4.2 ssse3
  Hardware topology: Basic
    Packages, cores, and logical processors:
    [indices refer to OS logical processors]
      Package  0: [   0   1] [   2   3] [   4   5] [   6   7] [   8   9] [  10  11] [  12  13] [  14  15]
    CPU limit set by OS: -1   Recommended max number of threads: 16
  GPU info:
    Number of GPUs detected: 1
    #0: NVIDIA NVIDIA GeForce RTX 3050 6GB Laptop GPU, compute cap.: 8.6, ECC:  no, stat: compatible


++++ PLEASE READ AND CITE THE FOLLOWING REFERENCE ++++
M. J. Abraham, T. Murtola, R. Schulz, S. Páll, J. C. Smith, B. Hess, E.
Lindahl
GROMACS: High performance molecular simulations through multi-level
parallelism from laptops to supercomputers
SoftwareX 1 (2015) pp. 19-25
-------- -------- --- Thank You --- -------- --------


++++ PLEASE READ AND CITE THE FOLLOWING REFERENCE ++++
S. Páll, M. J. Abraham, C. Kutzner, B. Hess, E. Lindahl
Tackling Exascale Software Challenges in Molecular Dynamics Simulations with
GROMACS
In S. Markidis & E. Laure (Eds.), Solving Software Challenges for Exascale 8759 (2015) pp. 3-27
-------- -------- --- Thank You --- -------- --------


++++ PLEASE READ AND CITE THE FOLLOWING REFERENCE ++++
S. Pronk, S. Páll, R. Schulz, P. Larsson, P. Bjelkmar, R. Apostolov, M. R.
Shirts, J. C. Smith, P. M. Kasson, D. van der Spoel, B. Hess, and E. Lindahl
GROMACS 4.5: a high-throughput and highly parallel open source molecular
simulation toolkit
Bioinformatics 29 (2013) pp. 845-54
-------- -------- --- Thank You --- -------- --------


++++ PLEASE READ AND CITE THE FOLLOWING REFERENCE ++++
B. Hess and C. Kutzner and D. van der Spoel and E. Lindahl
GROMACS 4: Algorithms for highly efficient, load-balanced, and scalable
molecular simulation
J. Chem. Theory Comput. 4 (2008) pp. 435-447
-------- -------- --- Thank You --- -------- --------


++++ PLEASE READ AND CITE THE FOLLOWING REFERENCE ++++
D. van der Spoel, E. Lindahl, B. Hess, G. Groenhof, A. E. Mark and H. J. C.
Berendsen
GROMACS: Fast, Flexible and Free
J. Comp. Chem. 26 (2005) pp. 1701-1719
-------- -------- --- Thank You --- -------- --------


++++ PLEASE READ AND CITE THE FOLLOWING REFERENCE ++++
E. Lindahl and B. Hess and D. van der Spoel
GROMACS 3.0: A package for molecular simulation and trajectory analysis
J. Mol. Mod. 7 (2001) pp. 306-317
-------- -------- --- Thank You --- -------- --------


++++ PLEASE READ AND CITE THE FOLLOWING REFERENCE ++++
H. J. C. Berendsen, D. van der Spoel and R. van Drunen
GROMACS: A message-passing parallel molecular dynamics implementation
Comp. Phys. Comm. 91 (1995) pp. 43-56
-------- -------- --- Thank You --- -------- --------


++++ PLEASE CITE THE DOI FOR THIS VERSION OF GROMACS ++++
https://doi.org/10.5281/zenodo.8134397
-------- -------- --- Thank You --- -------- --------

Multiple energy groups is not implemented for GPUs, falling back to the CPU. For better performance, run on the GPU without energy groups and then do gmx mdrun -rerun option on the trajectory with an energy group .tpr file.
Input Parameters:
   integrator                     = md
   tinit                          = 0
   dt                             = 0.002
   nsteps                         = 100000
   init-step                      = 0
   simulation-part                = 1
   mts                            = false
   comm-mode                      = Linear
   nstcomm                        = 100
   bd-fric                        = 0
   ld-seed                        = -1075970577
   emtol                          = 10
   emstep                         = 0.01
   niter                          = 20
   fcstep                         = 0
   nstcgsteep                     = 1000
   nbfgscorr                      = 10
   rtpi                           = 0.05
   nstxout                        = 0
   nstvout                        = 0
   nstfout                        = 0
   nstlog                         = 1000
   nstcalcenergy                  = 100
   nstenergy                      = 1000
   nstxout-compressed             = 1000
   compressed-x-precision         = 1000
   cutoff-scheme                  = Verlet
   nstlist                        = 20
   pbc                            = xyz
   periodic-molecules             = false
   verlet-buffer-tolerance        = 0.005
   rlist                          = 1
   coulombtype                    = PME
   coulomb-modifier               = Potential-shift
   rcoulomb-switch                = 0
   rcoulomb                       = 1
   epsilon-r                      = 1
   epsilon-rf                     = inf
   vdw-type                       = Cut-off
   vdw-modifier                   = Potential-shift
   rvdw-switch                    = 0
   rvdw                           = 1
   DispCorr                       = No
   table-extension                = 1
   fourierspacing                 = 0.12
   fourier-nx                     = 24
   fourier-ny                     = 24
   fourier-nz                     = 84
   pme-order                      = 4
   ewald-rtol                     = 1e-05
   ewald-rtol-lj                  = 0.001
   lj-pme-comb-rule               = Geometric
   ewald-geometry                 = 3d
   epsilon-surface                = 0
   ensemble-temperature-setting   = constant
   ensemble-temperature           = 228
   tcoupl                         = V-rescale
   nsttcouple                     = 10
   nh-chain-length                = 0
   print-nose-hoover-chain-variables = false
   pcoupl                         = No
   pcoupltype                     = Isotropic
   nstpcouple                     = -1
   tau-p                          = 1
   compressibility (3x3):
      compressibility[    0]={ 0.00000e+00,  0.00000e+00,  0.00000e+00}
      compressibility[    1]={ 0.00000e+00,  0.00000e+00,  0.00000e+00}
      compressibility[    2]={ 0.00000e+00,  0.00000e+00,  0.00000e+00}
   ref-p (3x3):
      ref-p[    0]={ 0.00000e+00,  0.00000e+00,  0.00000e+00}
      ref-p[    1]={ 0.00000e+00,  0.00000e+00,  0.00000e+00}
      ref-p[    2]={ 0.00000e+00,  0.00000e+00,  0.00000e+00}
   refcoord-scaling               = No
   posres-com (3):
      posres-com[0]= 0.00000e+00
      posres-com[1]= 0.00000e+00
      posres-com[2]= 0.00000e+00
   posres-comB (3):
      posres-comB[0]= 0.00000e+00
      posres-comB[1]= 0.00000e+00
      posres-comB[2]= 0.00000e+00
   QMMM                           = false
qm-opts:
   ngQM                           = 0
   constraint-algorithm           = Lincs
   continuation                   = false
   Shake-SOR                      = false
   shake-tol                      = 0.0001
   lincs-order                    = 4
   lincs-iter                     = 1
   lincs-warnangle                = 30
   nwall                          = 0
   wall-type                      = 9-3
   wall-r-linpot                  = -1
   wall-atomtype[0]               = -1
   wall-atomtype[1]               = -1
   wall-density[0]                = 0
   wall-density[1]                = 0
   wall-ewald-zfac                = 3
   pull                           = false
   awh                            = false
   rotation                       = false
   interactiveMD                  = false
   disre                          = No
   disre-weighting                = Conservative
   disre-mixed                    = false
   dr-fc                          = 1000
   dr-tau                         = 0
   nstdisreout                    = 100
   orire-fc                       = 0
   orire-tau                      = 0
   nstorireout                    = 100
   free-energy                    = no
   cos-acceleration               = 0
   deform (3x3):
      deform[    0]={ 0.00000e+00,  0.00000e+00,  0.00000e+00}
      deform[    1]={ 0.00000e+00,  0.00000e+00,  0.00000e+00}
      deform[    2]={ 0.00000e+00,  0.00000e+00,  0.00000e+00}
   simulated-tempering            = false
   swapcoords                     = no
   userint1                       = 0
   userint2                       = 0
   userint3                       = 0
   userint4                       = 0
   userreal1                      = 0
   userreal2                      = 0
   userreal3                      = 0
   userreal4                      = 0
   applied-forces:
     electric-field:
       x:
         E0                       = 0
         omega                    = 0
         t0                       = 0
         sigma                    = 0
       y:
         E0                       = 0
         omega                    = 0
         t0                       = 0
         sigma                    = 0
       z:
         E0                       = 0
         omega                    = 0
         t0                       = 0
         sigma                    = 0
     density-guided-simulation:
       active                     = false
       group                      = protein
       similarity-measure         = inner-product
       atom-spreading-weight      = unity
       force-constant             = 1e+09
       gaussian-transform-spreading-width = 0.2
       gaussian-transform-spreading-range-in-multiples-of-width = 4
       reference-density-filename = reference.mrc
       nst                        = 1
       normalize-densities        = true
       adaptive-force-scaling     = false
       adaptive-force-scaling-time-constant = 4
       shift-vector               = 
       transformation-matrix      = 
     qmmm-cp2k:
       active                     = false
       qmgroup                    = System
       qmmethod                   = PBE
       qmfilenames                = 
       qmcharge                   = 0
       qmmultiplicity             = 1
grpopts:
   nrdf:        9021           0
   ref-t:         228         228
   tau-t:         0.1         0.1
annealing:          No          No
annealing-npoints:           0           0
   acc:	           0           0           0
   nfreeze:           Y           Y           Y           N           N           N
   energygrp-flags[  0]: 0 0
   energygrp-flags[  1]: 0 0

Changing nstlist from 20 to 100, rlist from 1 to 1.105


When checking whether update groups are usable:
  The combination of rlist and box size prohibits the use of update groups

Initializing Domain Decomposition on 1 ranks
Dynamic load balancing: auto
Minimum cell size due to atom displacement: 0.610 nm
Initial maximum distances in bonded interactions:
    two-body bonded interactions: 0.164 nm, Exclusion, atoms 5385 5386
Minimum cell size due to bonded interactions: 0.000 nm
Using 0 separate PME ranks because: there are too few total ranks for efficient splitting
Optimizing the DD grid for 1 cells with a minimum initial size of 0.610 nm
The maximum allowed number of cells is: X 4 Y 4 Z 16
Domain decomposition grid 1 x 1 x 1, separate PME ranks 0
PME domain decomposition: 1 x 1 x 1

The initial number of communication pulses is:
The initial domain decomposition cell size is:

The maximum allowed distance for atoms involved in interactions is:
                 non-bonded interactions           1.105 nm
            two-body bonded interactions  (-rdd)   1.105 nm
          multi-body bonded interactions  (-rdd)   1.105 nm
  atoms separated by up to 5 constraints  (-rcon)  2.500 nm

When dynamic load balancing gets turned on, these settings will change to:
The maximum number of communication pulses is:
The minimum size for domain decomposition cells is 1.105 nm
The requested allowed shrink of DD cells (option -dds) is: 0.80
The allowed shrink of domain decomposition cells is:
The maximum allowed distance for atoms involved in interactions is:
                 non-bonded interactions           1.105 nm
            two-body bonded interactions  (-rdd)   1.105 nm
          multi-body bonded interactions  (-rdd)   1.105 nm
  atoms separated by up to 5 constraints  (-rcon)  1.105 nm

Using 1 MPI thread
Using 16 OpenMP threads 

System total charge: 0.000
Will do PME sum in reciprocal space for electrostatic interactions.

++++ PLEASE READ AND CITE THE FOLLOWING REFERENCE ++++
U. Essmann, L. Perera, M. L. Berkowitz, T. Darden, H. Lee and L. G. Pedersen 
A smooth particle mesh Ewald method
J. Chem. Phys. 103 (1995) pp. 8577-8592
-------- -------- --- Thank You --- -------- --------

Using a Gaussian width (1/beta) of 0.320163 nm for Ewald
Potential shift: LJ r^-12: -1.000e+00 r^-6: -1.000e+00, Ewald -1.000e-05
Initialized non-bonded Coulomb Ewald tables, spacing: 9.33e-04 size: 1073



Using SIMD 4x8 nonbonded short-range kernels

Using a dual 4x8 pair-list setup updated with dynamic pruning:
  outer list: updated every 100 steps, buffer 0.105 nm, rlist 1.105 nm
  inner list: updated every  21 steps, buffer 0.002 nm, rlist 1.002 nm
At tolerance 0.005 kJ/mol/ps per atom, equivalent classical 1x1 list would be:
  outer list: updated every 100 steps, buffer 0.256 nm, rlist 1.256 nm
  inner list: updated every  21 steps, buffer 0.070 nm, rlist 1.070 nm

Using Geometric Lennard-Jones combination rule
Removing pbc first time

Linking all bonded interactions to atoms


Pinning threads with an auto-selected logical cpu stride of 1

++++ PLEASE READ AND CITE THE FOLLOWING REFERENCE ++++
S. Miyamoto and P. A. Kollman
SETTLE: An Analytical Version of the SHAKE and RATTLE Algorithms for Rigid
Water Models
J. Comp. Chem. 13 (1992) pp. 952-962
-------- -------- --- Thank You --- -------- --------


++++ PLEASE READ AND CITE THE FOLLOWING REFERENCE ++++
G. Bussi, D. Donadio and M. Parrinello
Canonical sampling through velocity rescaling
J. Chem. Phys. 126 (2007) pp. 014101
-------- -------- --- Thank You --- -------- --------

There are: 6244 Atoms
Atom distribution over 1 domains: av 6244 stddev 0 min 6244 max 6244

Constraining the starting coordinates (step 0)

Constraining the coordinates at t0-dt (step 0)
Center of mass motion removal mode is Linear
We have the following groups for center of mass motion removal:
  0:  rest
RMS relative constraint deviation after constraining: 0.00e+00
Initial temperature: 228.917 K

Started mdrun on rank 0 Fri Oct 31 21:35:18 2025

           Step           Time
              0        0.00000

   Energies (kJ/mol)
        LJ (SR)   Coulomb (SR)   Coul. recip.      Potential    Kinetic En.
    1.82639e+08   -7.91384e+04    4.39614e+02    1.82561e+08    8.58642e+03
   Total Energy  Conserved En.    Temperature Pressure (bar)
    1.82569e+08    1.82569e+08    2.28957e+02    1.94524e+08

           Step           Time
           1000        2.00000

   Energies (kJ/mol)
        LJ (SR)   Coulomb (SR)   Coul. recip.      Potential    Kinetic En.
    1.82640e+08   -7.92012e+04    4.14259e+02    1.82561e+08    8.44824e+03
   Total Energy  Conserved En.    Temperature Pressure (bar)
    1.82569e+08    1.82569e+08    2.25272e+02    1.94524e+08

           Step           Time
           2000        4.00000

   Energies (kJ/mol)
        LJ (SR)   Coulomb (SR)   Coul. recip.      Potential    Kinetic En.
    1.82640e+08   -7.98145e+04    4.13493e+02    1.82560e+08    8.60221e+03
   Total Energy  Conserved En.    Temperature Pressure (bar)
    1.82569e+08    1.82569e+08    2.29378e+02    1.94524e+08

           Step           Time
           3000        6.00000

   Energies (kJ/mol)
        LJ (SR)   Coulomb (SR)   Coul. recip.      Potential    Kinetic En.
    1.82639e+08   -7.85846e+04    4.31665e+02    1.82561e+08    8.56546e+03
   Total Energy  Conserved En.    Temperature Pressure (bar)
    1.82569e+08    1.82569e+08    2.28398e+02    1.94523e+08

           Step           Time
           4000        8.00000

   Energies (kJ/mol)
        LJ (SR)   Coulomb (SR)   Coul. recip.      Potential    Kinetic En.
    1.82639e+08   -7.82180e+04    4.32418e+02    1.82561e+08    8.66951e+03
   Total Energy  Conserved En.    Temperature Pressure (bar)
    1.82570e+08    1.82569e+08    2.31172e+02    1.94523e+08

           Step           Time
           5000       10.00000

   Energies (kJ/mol)
        LJ (SR)   Coulomb (SR)   Coul. recip.      Potential    Kinetic En.
    1.82639e+08   -7.86590e+04    4.12376e+02    1.82561e+08    8.47823e+03
   Total Energy  Conserved En.    Temperature Pressure (bar)
    1.82570e+08    1.82569e+08    2.26072e+02    1.94524e+08

           Step           Time
           6000       12.00000

   Energies (kJ/mol)
        LJ (SR)   Coulomb (SR)   Coul. recip.      Potential    Kinetic En.
    1.82639e+08   -7.86097e+04    4.27135e+02    1.82561e+08    8.63079e+03
   Total Energy  Conserved En.    Temperature Pressure (bar)
    1.82569e+08    1.82569e+08    2.30140e+02    1.94523e+08

           Step           Time
           7000       14.00000

   Energies (kJ/mol)
        LJ (SR)   Coulomb (SR)   Coul. recip.      Potential    Kinetic En.
    1.82639e+08   -7.84021e+04    4.52040e+02    1.82561e+08    8.47726e+03
   Total Energy  Conserved En.    Temperature Pressure (bar)
    1.82569e+08    1.82569e+08    2.26046e+02    1.94523e+08

           Step           Time
           8000       16.00000

   Energies (kJ/mol)
        LJ (SR)   Coulomb (SR)   Coul. recip.      Potential    Kinetic En.
    1.82639e+08   -7.93545e+04    4.17334e+02    1.82561e+08    8.68949e+03
   Total Energy  Conserved En.    Temperature Pressure (bar)
    1.82569e+08    1.82569e+08    2.31705e+02    1.94524e+08

           Step           Time
           9000       18.00000

   Energies (kJ/mol)
        LJ (SR)   Coulomb (SR)   Coul. recip.      Potential    Kinetic En.
    1.82639e+08   -7.88654e+04    4.08811e+02    1.82561e+08    8.49748e+03
   Total Energy  Conserved En.    Temperature Pressure (bar)
    1.82569e+08    1.82569e+08    2.26585e+02    1.94524e+08

           Step           Time
          10000       20.00000

   Energies (kJ/mol)
        LJ (SR)   Coulomb (SR)   Coul. recip.      Potential    Kinetic En.
    1.82639e+08   -7.89305e+04    4.69362e+02    1.82561e+08    8.60891e+03
   Total Energy  Conserved En.    Temperature Pressure (bar)
    1.82570e+08    1.82569e+08    2.29556e+02    1.94524e+08

           Step           Time
          11000       22.00000

   Energies (kJ/mol)
        LJ (SR)   Coulomb (SR)   Coul. recip.      Potential    Kinetic En.
    1.82639e+08   -7.88108e+04    4.54672e+02    1.82561e+08    8.71662e+03
   Total Energy  Conserved En.    Temperature Pressure (bar)
    1.82569e+08    1.82569e+08    2.32429e+02    1.94523e+08

           Step           Time
          12000       24.00000

   Energies (kJ/mol)
        LJ (SR)   Coulomb (SR)   Coul. recip.      Potential    Kinetic En.
    1.82639e+08   -7.86546e+04    4.28466e+02    1.82561e+08    8.55926e+03
   Total Energy  Conserved En.    Temperature Pressure (bar)
    1.82570e+08    1.82569e+08    2.28232e+02    1.94523e+08

           Step           Time
          13000       26.00000

   Energies (kJ/mol)
        LJ (SR)   Coulomb (SR)   Coul. recip.      Potential    Kinetic En.
    1.82639e+08   -7.82371e+04    4.33299e+02    1.82561e+08    8.41494e+03
   Total Energy  Conserved En.    Temperature Pressure (bar)
    1.82569e+08    1.82569e+08    2.24384e+02    1.94523e+08

           Step           Time
          14000       28.00000

   Energies (kJ/mol)
        LJ (SR)   Coulomb (SR)   Coul. recip.      Potential    Kinetic En.
    1.82639e+08   -7.87686e+04    4.58992e+02    1.82561e+08    8.51494e+03
   Total Energy  Conserved En.    Temperature Pressure (bar)
    1.82569e+08    1.82569e+08    2.27051e+02    1.94523e+08

           Step           Time
          15000       30.00000

   Energies (kJ/mol)
        LJ (SR)   Coulomb (SR)   Coul. recip.      Potential    Kinetic En.
    1.82639e+08   -7.90243e+04    4.35851e+02    1.82561e+08    8.52670e+03
   Total Energy  Conserved En.    Temperature Pressure (bar)
    1.82569e+08    1.82569e+08    2.27364e+02    1.94524e+08

           Step           Time
          16000       32.00000

   Energies (kJ/mol)
        LJ (SR)   Coulomb (SR)   Coul. recip.      Potential    Kinetic En.
    1.82639e+08   -7.90801e+04    3.86896e+02    1.82561e+08    8.72121e+03
   Total Energy  Conserved En.    Temperature Pressure (bar)
    1.82569e+08    1.82569e+08    2.32551e+02    1.94523e+08

           Step           Time
          17000       34.00000

   Energies (kJ/mol)
        LJ (SR)   Coulomb (SR)   Coul. recip.      Potential    Kinetic En.
    1.82640e+08   -7.91847e+04    4.33277e+02    1.82561e+08    8.49815e+03
   Total Energy  Conserved En.    Temperature Pressure (bar)
    1.82569e+08    1.82569e+08    2.26603e+02    1.94524e+08

           Step           Time
          18000       36.00000

   Energies (kJ/mol)
        LJ (SR)   Coulomb (SR)   Coul. recip.      Potential    Kinetic En.
    1.82639e+08   -7.91476e+04    4.32627e+02    1.82561e+08    8.65239e+03
   Total Energy  Conserved En.    Temperature Pressure (bar)
    1.82569e+08    1.82569e+08    2.30716e+02    1.94524e+08

           Step           Time
          19000       38.00000

   Energies (kJ/mol)
        LJ (SR)   Coulomb (SR)   Coul. recip.      Potential    Kinetic En.
    1.82639e+08   -7.90709e+04    4.39177e+02    1.82561e+08    8.62044e+03
   Total Energy  Conserved En.    Temperature Pressure (bar)
    1.82569e+08    1.82569e+08    2.29864e+02    1.94524e+08

           Step           Time
          20000       40.00000

   Energies (kJ/mol)
        LJ (SR)   Coulomb (SR)   Coul. recip.      Potential    Kinetic En.
    1.82639e+08   -7.91249e+04    4.06337e+02    1.82561e+08    8.56743e+03
   Total Energy  Conserved En.    Temperature Pressure (bar)
    1.82569e+08    1.82569e+08    2.28450e+02    1.94523e+08

           Step           Time
          21000       42.00000

   Energies (kJ/mol)
        LJ (SR)   Coulomb (SR)   Coul. recip.      Potential    Kinetic En.
    1.82639e+08   -7.86569e+04    4.23659e+02    1.82561e+08    8.42723e+03
   Total Energy  Conserved En.    Temperature Pressure (bar)
    1.82569e+08    1.82569e+08    2.24712e+02    1.94523e+08

           Step           Time
          22000       44.00000

   Energies (kJ/mol)
        LJ (SR)   Coulomb (SR)   Coul. recip.      Potential    Kinetic En.
    1.82639e+08   -7.90464e+04    4.53117e+02    1.82561e+08    8.61600e+03
   Total Energy  Conserved En.    Temperature Pressure (bar)
    1.82569e+08    1.82569e+08    2.29745e+02    1.94524e+08

           Step           Time
          23000       46.00000

   Energies (kJ/mol)
        LJ (SR)   Coulomb (SR)   Coul. recip.      Potential    Kinetic En.
    1.82640e+08   -7.94883e+04    4.26168e+02    1.82561e+08    8.45239e+03
   Total Energy  Conserved En.    Temperature Pressure (bar)
    1.82569e+08    1.82569e+08    2.25383e+02    1.94524e+08

           Step           Time
          24000       48.00000

   Energies (kJ/mol)
        LJ (SR)   Coulomb (SR)   Coul. recip.      Potential    Kinetic En.
    1.82639e+08   -7.85816e+04    4.27490e+02    1.82561e+08    8.62988e+03
   Total Energy  Conserved En.    Temperature Pressure (bar)
    1.82570e+08    1.82569e+08    2.30115e+02    1.94523e+08

           Step           Time
          25000       50.00000

   Energies (kJ/mol)
        LJ (SR)   Coulomb (SR)   Coul. recip.      Potential    Kinetic En.
    1.82639e+08   -7.87758e+04    4.24483e+02    1.82561e+08    8.34499e+03
   Total Energy  Conserved En.    Temperature Pressure (bar)
    1.82569e+08    1.82569e+08    2.22519e+02    1.94523e+08

           Step           Time
          26000       52.00000

   Energies (kJ/mol)
        LJ (SR)   Coulomb (SR)   Coul. recip.      Potential    Kinetic En.
    1.82639e+08   -7.85762e+04    4.57396e+02    1.82561e+08    8.57071e+03
   Total Energy  Conserved En.    Temperature Pressure (bar)
    1.82570e+08    1.82569e+08    2.28538e+02    1.94523e+08

           Step           Time
          27000       54.00000

   Energies (kJ/mol)
        LJ (SR)   Coulomb (SR)   Coul. recip.      Potential    Kinetic En.
    1.82639e+08   -7.82832e+04    4.30518e+02    1.82561e+08    8.35521e+03
   Total Energy  Conserved En.    Temperature Pressure (bar)
    1.82569e+08    1.82569e+08    2.22791e+02    1.94523e+08

           Step           Time
          28000       56.00000

   Energies (kJ/mol)
        LJ (SR)   Coulomb (SR)   Coul. recip.      Potential    Kinetic En.
    1.82639e+08   -7.87245e+04    4.31916e+02    1.82561e+08    8.60378e+03
   Total Energy  Conserved En.    Temperature Pressure (bar)
    1.82569e+08    1.82569e+08    2.29419e+02    1.94523e+08

           Step           Time
          29000       58.00000

   Energies (kJ/mol)
        LJ (SR)   Coulomb (SR)   Coul. recip.      Potential    Kinetic En.
    1.82639e+08   -7.89434e+04    3.96607e+02    1.82561e+08    8.56213e+03
   Total Energy  Conserved En.    Temperature Pressure (bar)
    1.82570e+08    1.82569e+08    2.28309e+02    1.94524e+08

           Step           Time
          30000       60.00000

   Energies (kJ/mol)
        LJ (SR)   Coulomb (SR)   Coul. recip.      Potential    Kinetic En.
    1.82639e+08   -7.90458e+04    4.38487e+02    1.82561e+08    8.66559e+03
   Total Energy  Conserved En.    Temperature Pressure (bar)
    1.82569e+08    1.82569e+08    2.31068e+02    1.94524e+08

           Step           Time
          31000       62.00000

   Energies (kJ/mol)
        LJ (SR)   Coulomb (SR)   Coul. recip.      Potential    Kinetic En.
    1.82639e+08   -7.89567e+04    3.98691e+02    1.82561e+08    8.46770e+03
   Total Energy  Conserved En.    Temperature Pressure (bar)
    1.82569e+08    1.82569e+08    2.25791e+02    1.94524e+08

           Step           Time
          32000       64.00000

   Energies (kJ/mol)
        LJ (SR)   Coulomb (SR)   Coul. recip.      Potential    Kinetic En.
    1.82639e+08   -7.87251e+04    4.59468e+02    1.82561e+08    8.58594e+03
   Total Energy  Conserved En.    Temperature Pressure (bar)
    1.82570e+08    1.82569e+08    2.28944e+02    1.94524e+08

           Step           Time
          33000       66.00000

   Energies (kJ/mol)
        LJ (SR)   Coulomb (SR)   Coul. recip.      Potential    Kinetic En.
    1.82640e+08   -7.91154e+04    4.29566e+02    1.82561e+08    8.65639e+03
   Total Energy  Conserved En.    Temperature Pressure (bar)
    1.82570e+08    1.82569e+08    2.30822e+02    1.94524e+08

           Step           Time
          34000       68.00000

   Energies (kJ/mol)
        LJ (SR)   Coulomb (SR)   Coul. recip.      Potential    Kinetic En.
    1.82640e+08   -7.91993e+04    4.25384e+02    1.82561e+08    8.35140e+03
   Total Energy  Conserved En.    Temperature Pressure (bar)
    1.82569e+08    1.82569e+08    2.22690e+02    1.94524e+08

           Step           Time
          35000       70.00000

   Energies (kJ/mol)
        LJ (SR)   Coulomb (SR)   Coul. recip.      Potential    Kinetic En.
    1.82639e+08   -7.89042e+04    4.55808e+02    1.82561e+08    8.45720e+03
   Total Energy  Conserved En.    Temperature Pressure (bar)
    1.82569e+08    1.82569e+08    2.25511e+02    1.94524e+08

           Step           Time
          36000       72.00000

   Energies (kJ/mol)
        LJ (SR)   Coulomb (SR)   Coul. recip.      Potential    Kinetic En.
    1.82639e+08   -7.86697e+04    4.40768e+02    1.82561e+08    8.57915e+03
   Total Energy  Conserved En.    Temperature Pressure (bar)
    1.82570e+08    1.82569e+08    2.28763e+02    1.94523e+08

           Step           Time
          37000       74.00000

   Energies (kJ/mol)
        LJ (SR)   Coulomb (SR)   Coul. recip.      Potential    Kinetic En.
    1.82639e+08   -7.90343e+04    4.33939e+02    1.82561e+08    8.60602e+03
   Total Energy  Conserved En.    Temperature Pressure (bar)
    1.82569e+08    1.82569e+08    2.29479e+02    1.94524e+08

           Step           Time
          38000       76.00000

   Energies (kJ/mol)
        LJ (SR)   Coulomb (SR)   Coul. recip.      Potential    Kinetic En.
    1.82639e+08   -7.87594e+04    4.42262e+02    1.82561e+08    8.70776e+03
   Total Energy  Conserved En.    Temperature Pressure (bar)
    1.82570e+08    1.82569e+08    2.32192e+02    1.94523e+08

           Step           Time
          39000       78.00000

   Energies (kJ/mol)
        LJ (SR)   Coulomb (SR)   Coul. recip.      Potential    Kinetic En.
    1.82639e+08   -7.83252e+04    4.45696e+02    1.82561e+08    8.58225e+03
   Total Energy  Conserved En.    Temperature Pressure (bar)
    1.82570e+08    1.82569e+08    2.28845e+02    1.94523e+08

           Step           Time
          40000       80.00000

   Energies (kJ/mol)
        LJ (SR)   Coulomb (SR)   Coul. recip.      Potential    Kinetic En.
    1.82640e+08   -7.94332e+04    4.06878e+02    1.82561e+08    8.57201e+03
   Total Energy  Conserved En.    Temperature Pressure (bar)
    1.82569e+08    1.82569e+08    2.28572e+02    1.94524e+08

           Step           Time
          41000       82.00000

   Energies (kJ/mol)
        LJ (SR)   Coulomb (SR)   Coul. recip.      Potential    Kinetic En.
    1.82640e+08   -7.93903e+04    4.23365e+02    1.82561e+08    8.43859e+03
   Total Energy  Conserved En.    Temperature Pressure (bar)
    1.82569e+08    1.82569e+08    2.25015e+02    1.94524e+08

           Step           Time
          42000       84.00000

   Energies (kJ/mol)
        LJ (SR)   Coulomb (SR)   Coul. recip.      Potential    Kinetic En.
    1.82640e+08   -7.98635e+04    4.03428e+02    1.82561e+08    8.39779e+03
   Total Energy  Conserved En.    Temperature Pressure (bar)
    1.82569e+08    1.82569e+08    2.23927e+02    1.94524e+08

           Step           Time
          43000       86.00000

   Energies (kJ/mol)
        LJ (SR)   Coulomb (SR)   Coul. recip.      Potential    Kinetic En.
    1.82640e+08   -7.93323e+04    3.73281e+02    1.82561e+08    8.54813e+03
   Total Energy  Conserved En.    Temperature Pressure (bar)
    1.82569e+08    1.82569e+08    2.27936e+02    1.94524e+08

           Step           Time
          44000       88.00000

   Energies (kJ/mol)
        LJ (SR)   Coulomb (SR)   Coul. recip.      Potential    Kinetic En.
    1.82639e+08   -7.87970e+04    4.22693e+02    1.82561e+08    8.74929e+03
   Total Energy  Conserved En.    Temperature Pressure (bar)
    1.82570e+08    1.82569e+08    2.33299e+02    1.94524e+08

           Step           Time
          45000       90.00000

   Energies (kJ/mol)
        LJ (SR)   Coulomb (SR)   Coul. recip.      Potential    Kinetic En.
    1.82639e+08   -7.85321e+04    4.45773e+02    1.82561e+08    8.50419e+03
   Total Energy  Conserved En.    Temperature Pressure (bar)
    1.82570e+08    1.82569e+08    2.26764e+02    1.94523e+08

           Step           Time
          46000       92.00000

   Energies (kJ/mol)
        LJ (SR)   Coulomb (SR)   Coul. recip.      Potential    Kinetic En.
    1.82639e+08   -7.88778e+04    3.93346e+02    1.82561e+08    8.41933e+03
   Total Energy  Conserved En.    Temperature Pressure (bar)
    1.82569e+08    1.82569e+08    2.24501e+02    1.94524e+08

           Step           Time
          47000       94.00000

   Energies (kJ/mol)
        LJ (SR)   Coulomb (SR)   Coul. recip.      Potential    Kinetic En.
    1.82640e+08   -7.91795e+04    4.39412e+02    1.82561e+08    8.49684e+03
   Total Energy  Conserved En.    Temperature Pressure (bar)
    1.82569e+08    1.82569e+08    2.26568e+02    1.94524e+08

           Step           Time
          48000       96.00000

   Energies (kJ/mol)
        LJ (SR)   Coulomb (SR)   Coul. recip.      Potential    Kinetic En.
    1.82639e+08   -7.82721e+04    4.43527e+02    1.82561e+08    8.54290e+03
   Total Energy  Conserved En.    Temperature Pressure (bar)
    1.82570e+08    1.82569e+08    2.27796e+02    1.94524e+08

           Step           Time
          49000       98.00000

   Energies (kJ/mol)
        LJ (SR)   Coulomb (SR)   Coul. recip.      Potential    Kinetic En.
    1.82639e+08   -7.86391e+04    4.34532e+02    1.82561e+08    8.44713e+03
   Total Energy  Conserved En.    Temperature Pressure (bar)
    1.82569e+08    1.82569e+08    2.25242e+02    1.94524e+08

           Step           Time
          50000      100.00000

   Energies (kJ/mol)
        LJ (SR)   Coulomb (SR)   Coul. recip.      Potential    Kinetic En.
    1.82639e+08   -7.86369e+04    4.36394e+02    1.82561e+08    8.50654e+03
   Total Energy  Conserved En.    Temperature Pressure (bar)
    1.82569e+08    1.82569e+08    2.26827e+02    1.94523e+08

           Step           Time
          51000      102.00000

   Energies (kJ/mol)
        LJ (SR)   Coulomb (SR)   Coul. recip.      Potential    Kinetic En.
    1.82639e+08   -7.87664e+04    4.63522e+02    1.82561e+08    8.72169e+03
   Total Energy  Conserved En.    Temperature Pressure (bar)
    1.82570e+08    1.82569e+08    2.32564e+02    1.94523e+08

           Step           Time
          52000      104.00000

   Energies (kJ/mol)
        LJ (SR)   Coulomb (SR)   Coul. recip.      Potential    Kinetic En.
    1.82639e+08   -7.85987e+04    4.15559e+02    1.82561e+08    8.80579e+03
   Total Energy  Conserved En.    Temperature Pressure (bar)
    1.82570e+08    1.82569e+08    2.34806e+02    1.94524e+08

           Step           Time
          53000      106.00000

   Energies (kJ/mol)
        LJ (SR)   Coulomb (SR)   Coul. recip.      Potential    Kinetic En.
    1.82640e+08   -7.90915e+04    4.16771e+02    1.82561e+08    8.62541e+03
   Total Energy  Conserved En.    Temperature Pressure (bar)
    1.82569e+08    1.82569e+08    2.29996e+02    1.94524e+08

           Step           Time
          54000      108.00000

   Energies (kJ/mol)
        LJ (SR)   Coulomb (SR)   Coul. recip.      Potential    Kinetic En.
    1.82639e+08   -7.86898e+04    4.39683e+02    1.82561e+08    8.47782e+03
   Total Energy  Conserved En.    Temperature Pressure (bar)
    1.82569e+08    1.82569e+08    2.26061e+02    1.94524e+08

           Step           Time
          55000      110.00000

   Energies (kJ/mol)
        LJ (SR)   Coulomb (SR)   Coul. recip.      Potential    Kinetic En.
    1.82639e+08   -7.85808e+04    4.31912e+02    1.82561e+08    8.53493e+03
   Total Energy  Conserved En.    Temperature Pressure (bar)
    1.82570e+08    1.82569e+08    2.27584e+02    1.94524e+08

           Step           Time
          56000      112.00000

   Energies (kJ/mol)
        LJ (SR)   Coulomb (SR)   Coul. recip.      Potential    Kinetic En.
    1.82639e+08   -7.84051e+04    4.19214e+02    1.82561e+08    8.58784e+03
   Total Energy  Conserved En.    Temperature Pressure (bar)
    1.82570e+08    1.82569e+08    2.28994e+02    1.94524e+08

           Step           Time
          57000      114.00000

   Energies (kJ/mol)
        LJ (SR)   Coulomb (SR)   Coul. recip.      Potential    Kinetic En.
    1.82639e+08   -7.79131e+04    4.51376e+02    1.82561e+08    8.30342e+03
   Total Energy  Conserved En.    Temperature Pressure (bar)
    1.82569e+08    1.82569e+08    2.21411e+02    1.94523e+08

           Step           Time
          58000      116.00000

   Energies (kJ/mol)
        LJ (SR)   Coulomb (SR)   Coul. recip.      Potential    Kinetic En.
    1.82639e+08   -7.87196e+04    4.14984e+02    1.82561e+08    8.59863e+03
   Total Energy  Conserved En.    Temperature Pressure (bar)
    1.82569e+08    1.82569e+08    2.29282e+02    1.94524e+08

           Step           Time
          59000      118.00000

   Energies (kJ/mol)
        LJ (SR)   Coulomb (SR)   Coul. recip.      Potential    Kinetic En.
    1.82639e+08   -7.89625e+04    4.09362e+02    1.82561e+08    8.63906e+03
   Total Energy  Conserved En.    Temperature Pressure (bar)
    1.82569e+08    1.82569e+08    2.30360e+02    1.94523e+08

           Step           Time
          60000      120.00000

   Energies (kJ/mol)
        LJ (SR)   Coulomb (SR)   Coul. recip.      Potential    Kinetic En.
    1.82639e+08   -7.88187e+04    4.19665e+02    1.82561e+08    8.47217e+03
   Total Energy  Conserved En.    Temperature Pressure (bar)
    1.82569e+08    1.82569e+08    2.25910e+02    1.94524e+08

           Step           Time
          61000      122.00000

   Energies (kJ/mol)
        LJ (SR)   Coulomb (SR)   Coul. recip.      Potential    Kinetic En.
    1.82639e+08   -7.84896e+04    4.37710e+02    1.82561e+08    8.74165e+03
   Total Energy  Conserved En.    Temperature Pressure (bar)
    1.82570e+08    1.82568e+08    2.33096e+02    1.94524e+08

           Step           Time
          62000      124.00000

   Energies (kJ/mol)
        LJ (SR)   Coulomb (SR)   Coul. recip.      Potential    Kinetic En.
    1.82639e+08   -7.87891e+04    4.20554e+02    1.82561e+08    8.43078e+03
   Total Energy  Conserved En.    Temperature Pressure (bar)
    1.82569e+08    1.82569e+08    2.24806e+02    1.94524e+08

           Step           Time
          63000      126.00000

   Energies (kJ/mol)
        LJ (SR)   Coulomb (SR)   Coul. recip.      Potential    Kinetic En.
    1.82639e+08   -7.86471e+04    4.15149e+02    1.82561e+08    8.46371e+03
   Total Energy  Conserved En.    Temperature Pressure (bar)
    1.82570e+08    1.82568e+08    2.25685e+02    1.94524e+08

           Step           Time
          64000      128.00000

   Energies (kJ/mol)
        LJ (SR)   Coulomb (SR)   Coul. recip.      Potential    Kinetic En.
    1.82639e+08   -7.85685e+04    4.37057e+02    1.82561e+08    8.31340e+03
   Total Energy  Conserved En.    Temperature Pressure (bar)
    1.82569e+08    1.82568e+08    2.21677e+02    1.94524e+08

           Step           Time
          65000      130.00000

   Energies (kJ/mol)
        LJ (SR)   Coulomb (SR)   Coul. recip.      Potential    Kinetic En.
    1.82639e+08   -7.82068e+04    4.26798e+02    1.82561e+08    8.49230e+03
   Total Energy  Conserved En.    Temperature Pressure (bar)
    1.82570e+08    1.82568e+08    2.26447e+02    1.94523e+08

           Step           Time
          66000      132.00000

   Energies (kJ/mol)
        LJ (SR)   Coulomb (SR)   Coul. recip.      Potential    Kinetic En.
    1.82639e+08   -7.86637e+04    4.07539e+02    1.82561e+08    8.38815e+03
   Total Energy  Conserved En.    Temperature Pressure (bar)
    1.82570e+08    1.82568e+08    2.23670e+02    1.94524e+08

           Step           Time
          67000      134.00000

   Energies (kJ/mol)
        LJ (SR)   Coulomb (SR)   Coul. recip.      Potential    Kinetic En.
    1.82639e+08   -7.89985e+04    4.17423e+02    1.82561e+08    8.60309e+03
   Total Energy  Conserved En.    Temperature Pressure (bar)
    1.82569e+08    1.82568e+08    2.29401e+02    1.94524e+08

           Step           Time
          68000      136.00000

   Energies (kJ/mol)
        LJ (SR)   Coulomb (SR)   Coul. recip.      Potential    Kinetic En.
    1.82639e+08   -7.83455e+04    4.28973e+02    1.82561e+08    8.49725e+03
   Total Energy  Conserved En.    Temperature Pressure (bar)
    1.82570e+08    1.82568e+08    2.26579e+02    1.94524e+08

           Step           Time
          69000      138.00000

   Energies (kJ/mol)
        LJ (SR)   Coulomb (SR)   Coul. recip.      Potential    Kinetic En.
    1.82639e+08   -7.86105e+04    4.46592e+02    1.82561e+08    8.51612e+03
   Total Energy  Conserved En.    Temperature Pressure (bar)
    1.82569e+08    1.82568e+08    2.27082e+02    1.94523e+08

           Step           Time
          70000      140.00000

   Energies (kJ/mol)
        LJ (SR)   Coulomb (SR)   Coul. recip.      Potential    Kinetic En.
    1.82639e+08   -7.88401e+04    4.47175e+02    1.82561e+08    8.88919e+03
   Total Energy  Conserved En.    Temperature Pressure (bar)
    1.82570e+08    1.82568e+08    2.37030e+02    1.94523e+08

           Step           Time
          71000      142.00000

   Energies (kJ/mol)
        LJ (SR)   Coulomb (SR)   Coul. recip.      Potential    Kinetic En.
    1.82639e+08   -7.89508e+04    4.33121e+02    1.82561e+08    8.47763e+03
   Total Energy  Conserved En.    Temperature Pressure (bar)
    1.82569e+08    1.82568e+08    2.26056e+02    1.94524e+08

           Step           Time
          72000      144.00000

   Energies (kJ/mol)
        LJ (SR)   Coulomb (SR)   Coul. recip.      Potential    Kinetic En.
    1.82639e+08   -7.88272e+04    4.20625e+02    1.82561e+08    8.55958e+03
   Total Energy  Conserved En.    Temperature Pressure (bar)
    1.82569e+08    1.82568e+08    2.28241e+02    1.94524e+08

           Step           Time
          73000      146.00000

   Energies (kJ/mol)
        LJ (SR)   Coulomb (SR)   Coul. recip.      Potential    Kinetic En.
    1.82639e+08   -7.90070e+04    4.48249e+02    1.82561e+08    8.38496e+03
   Total Energy  Conserved En.    Temperature Pressure (bar)
    1.82569e+08    1.82568e+08    2.23585e+02    1.94524e+08

           Step           Time
          74000      148.00000

   Energies (kJ/mol)
        LJ (SR)   Coulomb (SR)   Coul. recip.      Potential    Kinetic En.
    1.82640e+08   -7.93364e+04    4.18820e+02    1.82561e+08    8.36049e+03
   Total Energy  Conserved En.    Temperature Pressure (bar)
    1.82569e+08    1.82568e+08    2.22932e+02    1.94524e+08

           Step           Time
          75000      150.00000

   Energies (kJ/mol)
        LJ (SR)   Coulomb (SR)   Coul. recip.      Potential    Kinetic En.
    1.82639e+08   -7.89682e+04    4.49428e+02    1.82561e+08    8.31383e+03
   Total Energy  Conserved En.    Temperature Pressure (bar)
    1.82569e+08    1.82568e+08    2.21688e+02    1.94524e+08

           Step           Time
          76000      152.00000

   Energies (kJ/mol)
        LJ (SR)   Coulomb (SR)   Coul. recip.      Potential    Kinetic En.
    1.82639e+08   -7.87418e+04    4.22512e+02    1.82561e+08    8.58704e+03
   Total Energy  Conserved En.    Temperature Pressure (bar)
    1.82569e+08    1.82568e+08    2.28973e+02    1.94523e+08

           Step           Time
          77000      154.00000

   Energies (kJ/mol)
        LJ (SR)   Coulomb (SR)   Coul. recip.      Potential    Kinetic En.
    1.82639e+08   -7.91031e+04    4.29720e+02    1.82561e+08    8.56199e+03
   Total Energy  Conserved En.    Temperature Pressure (bar)
    1.82569e+08    1.82568e+08    2.28305e+02    1.94524e+08

           Step           Time
          78000      156.00000

   Energies (kJ/mol)
        LJ (SR)   Coulomb (SR)   Coul. recip.      Potential    Kinetic En.
    1.82639e+08   -7.83461e+04    4.07962e+02    1.82561e+08    8.52927e+03
   Total Energy  Conserved En.    Temperature Pressure (bar)
    1.82569e+08    1.82568e+08    2.27433e+02    1.94523e+08

           Step           Time
          79000      158.00000

   Energies (kJ/mol)
        LJ (SR)   Coulomb (SR)   Coul. recip.      Potential    Kinetic En.
    1.82640e+08   -7.93515e+04    4.31337e+02    1.82561e+08    8.65332e+03
   Total Energy  Conserved En.    Temperature Pressure (bar)
    1.82569e+08    1.82568e+08    2.30740e+02    1.94524e+08

           Step           Time
          80000      160.00000

   Energies (kJ/mol)
        LJ (SR)   Coulomb (SR)   Coul. recip.      Potential    Kinetic En.
    1.82639e+08   -7.88550e+04    4.12778e+02    1.82561e+08    8.56305e+03
   Total Energy  Conserved En.    Temperature Pressure (bar)
    1.82569e+08    1.82568e+08    2.28333e+02    1.94524e+08

           Step           Time
          81000      162.00000

   Energies (kJ/mol)
        LJ (SR)   Coulomb (SR)   Coul. recip.      Potential    Kinetic En.
    1.82640e+08   -7.97651e+04    4.62468e+02    1.82561e+08    8.67152e+03
   Total Energy  Conserved En.    Temperature Pressure (bar)
    1.82569e+08    1.82568e+08    2.31226e+02    1.94524e+08

           Step           Time
          82000      164.00000

   Energies (kJ/mol)
        LJ (SR)   Coulomb (SR)   Coul. recip.      Potential    Kinetic En.
    1.82639e+08   -7.89076e+04    4.76630e+02    1.82561e+08    8.45674e+03
   Total Energy  Conserved En.    Temperature Pressure (bar)
    1.82569e+08    1.82568e+08    2.25499e+02    1.94524e+08

           Step           Time
          83000      166.00000

   Energies (kJ/mol)
        LJ (SR)   Coulomb (SR)   Coul. recip.      Potential    Kinetic En.
    1.82639e+08   -7.87801e+04    3.97310e+02    1.82561e+08    8.36172e+03
   Total Energy  Conserved En.    Temperature Pressure (bar)
    1.82569e+08    1.82568e+08    2.22965e+02    1.94524e+08

           Step           Time
          84000      168.00000

   Energies (kJ/mol)
        LJ (SR)   Coulomb (SR)   Coul. recip.      Potential    Kinetic En.
    1.82639e+08   -7.87326e+04    4.39525e+02    1.82561e+08    8.51530e+03
   Total Energy  Conserved En.    Temperature Pressure (bar)
    1.82569e+08    1.82568e+08    2.27060e+02    1.94524e+08

           Step           Time
          85000      170.00000

   Energies (kJ/mol)
        LJ (SR)   Coulomb (SR)   Coul. recip.      Potential    Kinetic En.
    1.82639e+08   -7.92332e+04    4.03970e+02    1.82560e+08    8.56405e+03
   Total Energy  Conserved En.    Temperature Pressure (bar)
    1.82569e+08    1.82568e+08    2.28360e+02    1.94523e+08

           Step           Time
          86000      172.00000

   Energies (kJ/mol)
        LJ (SR)   Coulomb (SR)   Coul. recip.      Potential    Kinetic En.
    1.82640e+08   -7.95436e+04    4.17303e+02    1.82561e+08    8.54775e+03
   Total Energy  Conserved En.    Temperature Pressure (bar)
    1.82569e+08    1.82568e+08    2.27925e+02    1.94524e+08

           Step           Time
          87000      174.00000

   Energies (kJ/mol)
        LJ (SR)   Coulomb (SR)   Coul. recip.      Potential    Kinetic En.
    1.82639e+08   -7.88152e+04    4.53358e+02    1.82561e+08    8.75414e+03
   Total Energy  Conserved En.    Temperature Pressure (bar)
    1.82570e+08    1.82568e+08    2.33429e+02    1.94523e+08

           Step           Time
          88000      176.00000

   Energies (kJ/mol)
        LJ (SR)   Coulomb (SR)   Coul. recip.      Potential    Kinetic En.
    1.82639e+08   -7.91397e+04    4.24512e+02    1.82561e+08    8.42398e+03
   Total Energy  Conserved En.    Temperature Pressure (bar)
    1.82569e+08    1.82568e+08    2.24625e+02    1.94524e+08

           Step           Time
          89000      178.00000

   Energies (kJ/mol)
        LJ (SR)   Coulomb (SR)   Coul. recip.      Potential    Kinetic En.
    1.82639e+08   -7.90694e+04    4.41327e+02    1.82561e+08    8.69462e+03
   Total Energy  Conserved En.    Temperature Pressure (bar)
    1.82569e+08    1.82568e+08    2.31842e+02    1.94524e+08

           Step           Time
          90000      180.00000

   Energies (kJ/mol)
        LJ (SR)   Coulomb (SR)   Coul. recip.      Potential    Kinetic En.
    1.82640e+08   -7.93283e+04    4.24252e+02    1.82561e+08    8.64919e+03
   Total Energy  Conserved En.    Temperature Pressure (bar)
    1.82569e+08    1.82568e+08    2.30631e+02    1.94524e+08

           Step           Time
          91000      182.00000

   Energies (kJ/mol)
        LJ (SR)   Coulomb (SR)   Coul. recip.      Potential    Kinetic En.
    1.82639e+08   -7.86177e+04    3.99656e+02    1.82561e+08    8.47861e+03
   Total Energy  Conserved En.    Temperature Pressure (bar)
    1.82569e+08    1.82568e+08    2.26082e+02    1.94523e+08

           Step           Time
          92000      184.00000

   Energies (kJ/mol)
        LJ (SR)   Coulomb (SR)   Coul. recip.      Potential    Kinetic En.
    1.82640e+08   -7.91918e+04    4.07735e+02    1.82561e+08    8.54378e+03
   Total Energy  Conserved En.    Temperature Pressure (bar)
    1.82569e+08    1.82568e+08    2.27820e+02    1.94524e+08

           Step           Time
          93000      186.00000

   Energies (kJ/mol)
        LJ (SR)   Coulomb (SR)   Coul. recip.      Potential    Kinetic En.
    1.82639e+08   -7.92223e+04    3.87255e+02    1.82561e+08    8.53059e+03
   Total Energy  Conserved En.    Temperature Pressure (bar)
    1.82569e+08    1.82568e+08    2.27468e+02    1.94524e+08

           Step           Time
          94000      188.00000

   Energies (kJ/mol)
        LJ (SR)   Coulomb (SR)   Coul. recip.      Potential    Kinetic En.
    1.82639e+08   -7.91027e+04    4.12924e+02    1.82561e+08    8.59316e+03
   Total Energy  Conserved En.    Temperature Pressure (bar)
    1.82569e+08    1.82568e+08    2.29136e+02    1.94524e+08

           Step           Time
          95000      190.00000

   Energies (kJ/mol)
        LJ (SR)   Coulomb (SR)   Coul. recip.      Potential    Kinetic En.
    1.82640e+08   -7.99153e+04    4.18398e+02    1.82560e+08    8.66056e+03
   Total Energy  Conserved En.    Temperature Pressure (bar)
    1.82569e+08    1.82568e+08    2.30934e+02    1.94524e+08

           Step           Time
          96000      192.00000

   Energies (kJ/mol)
        LJ (SR)   Coulomb (SR)   Coul. recip.      Potential    Kinetic En.
    1.82639e+08   -7.86062e+04    4.35571e+02    1.82561e+08    8.53862e+03
   Total Energy  Conserved En.    Temperature Pressure (bar)
    1.82569e+08    1.82568e+08    2.27682e+02    1.94524e+08

           Step           Time
          97000      194.00000

   Energies (kJ/mol)
        LJ (SR)   Coulomb (SR)   Coul. recip.      Potential    Kinetic En.
    1.82639e+08   -7.89936e+04    4.13541e+02    1.82561e+08    8.35462e+03
   Total Energy  Conserved En.    Temperature Pressure (bar)
    1.82569e+08    1.82568e+08    2.22776e+02    1.94524e+08

           Step           Time
          98000      196.00000

   Energies (kJ/mol)
        LJ (SR)   Coulomb (SR)   Coul. recip.      Potential    Kinetic En.
    1.82640e+08   -7.94801e+04    4.10983e+02    1.82561e+08    8.62348e+03
   Total Energy  Conserved En.    Temperature Pressure (bar)
    1.82569e+08    1.82568e+08    2.29945e+02    1.94524e+08

           Step           Time
          99000      198.00000

   Energies (kJ/mol)
        LJ (SR)   Coulomb (SR)   Coul. recip.      Potential    Kinetic En.
    1.82639e+08   -7.88074e+04    4.11500e+02    1.82561e+08    8.67518e+03
   Total Energy  Conserved En.    Temperature Pressure (bar)
    1.82570e+08    1.82568e+08    2.31323e+02    1.94524e+08

           Step           Time
         100000      200.00000

Writing checkpoint, step 100000 at Fri Oct 31 21:41:27 2025


   Energies (kJ/mol)
        LJ (SR)   Coulomb (SR)   Coul. recip.      Potential    Kinetic En.
    1.82639e+08   -7.83273e+04    4.13949e+02    1.82561e+08    8.76423e+03
   Total Energy  Conserved En.    Temperature Pressure (bar)
    1.82570e+08    1.82568e+08    2.33698e+02    1.94523e+08


Energy conservation over simulation part #1 of length 200 ps, time 0 to 200 ps
  Conserved energy drift: -9.74e-04 kJ/mol/ps per atom


	<======  ###############  ==>
	<====  A V E R A G E S  ====>
	<==  ###############  ======>

	Statistics over 100001 steps using 1001 frames

   Energies (kJ/mol)
        LJ (SR)   Coulomb (SR)   Coul. recip.      Potential    Kinetic En.
    1.82639e+08   -7.88714e+04    4.25586e+02    1.82561e+08    8.55288e+03
   Total Energy  Conserved En.    Temperature Pressure (bar)
    1.82569e+08    1.82569e+08    2.28062e+02    1.94524e+08

   Total Virial (kJ/mol)
   -2.76397e+08    2.61073e+03    8.04317e+04
    2.72107e+03   -2.76524e+08   -2.35684e+04
    8.11099e+04   -2.33794e+04   -5.45303e+08

   Pressure (bar)
    1.46872e+08   -1.38549e+03   -4.27379e+04
   -1.44412e+03    1.46939e+08    1.25262e+04
   -4.30983e+04    1.24257e+04    2.89761e+08

  Epot (kJ/mol)        Coul-SR          LJ-SR   
        CNT-CNT    0.00000e+00    1.82631e+08
        CNT-SOL    0.00000e+00   -5.72079e+03
        SOL-SOL   -7.88714e+04    1.35325e+04

        T-Water          T-CNT
    2.28062e+02    0.00000e+00


	M E G A - F L O P S   A C C O U N T I N G

 NB=Group-cutoff nonbonded kernels    NxN=N-by-N cluster Verlet kernels
 RF=Reaction-Field  VdW=Van der Waals  QSTab=quadratic-spline table
 W3=SPC/TIP3p  W4=TIP4p (single or pairs)
 V&F=Potential and force  V=Potential only  F=Force only

 Computing:                               M-Number         M-Flops  % Flops
-----------------------------------------------------------------------------
 Pair Search distance check            2776.733346       24990.600     0.1
 NxN Ewald Elec. + LJ [F]            208766.451168    13778585.777    56.9
 NxN Ewald Elec. + LJ [V&F]            2110.875520      225863.681     0.9
 NxN LJ [F]                           31211.823456     1029990.174     4.3
 NxN LJ [V&F]                           315.571936       13569.593     0.1
 NxN Ewald Elec. [F]                 121230.549792     7395063.537    30.5
 NxN Ewald Elec. [V&F]                 1225.782656      102965.743     0.4
 Calc Weights                          1873.218732       67435.874     0.3
 Spread Q Bspline                     39961.999616       79923.999     0.3
 Gather F Bspline                     39961.999616      239771.998     1.0
 3D-FFT                              150594.105926     1204752.847     5.0
 Solve PME                               57.600576        3686.437     0.0
 Reset In Box                             6.250244          18.751     0.0
 CG-CoM                                   6.256488          18.769     0.0
 Virial                                   6.295289         113.315     0.0
 Stop-CM                                  6.256488          62.565     0.0
 Calc-Ekin                              124.892488        3372.097     0.0
 Constraint-V                           451.209024        4060.881     0.0
 Constraint-Vir                           4.516512         108.396     0.0
 Settle                                 150.404512       55649.669     0.2
-----------------------------------------------------------------------------
 Total                                                24230004.706   100.0
-----------------------------------------------------------------------------


    D O M A I N   D E C O M P O S I T I O N   S T A T I S T I C S

 av. #atoms communicated per step for force:  2 x 0.0
 av. #atoms communicated per step for LINCS:  2 x 0.0


      R E A L   C Y C L E   A N D   T I M E   A C C O U N T I N G

On 1 MPI rank, each using 16 OpenMP threads

 Activity:              Num   Num      Call    Wall time         Giga-Cycles
                        Ranks Threads  Count      (s)         total sum    %
--------------------------------------------------------------------------------
 Domain decomp.            1   16       1001       1.403         85.033   0.4
 Neighbor search           1   16       1001       1.790        108.449   0.5
 Force                     1   16     100001      87.203       5283.364  23.7
 PME mesh                  1   16     100001     164.689       9978.020  44.7
 NB X/F buffer ops.        1   16     199001      49.117       2975.859  13.3
 Write traj.               1   16        101       0.115          6.954   0.0
 Update                    1   16     100001      28.023       1697.863   7.6
 Constraints               1   16     100003      15.534        941.184   4.2
 Rest                                             20.648       1250.982   5.6
--------------------------------------------------------------------------------
 Total                                           368.522      22327.709 100.0
--------------------------------------------------------------------------------
 Breakdown of PME mesh activities
--------------------------------------------------------------------------------
 PME spread                1   16     100001      54.614       3308.886  14.8
 PME gather                1   16     100001      57.226       3467.177  15.5
 PME 3D-FFT                1   16     200002      44.308       2684.485  12.0
 PME solve Elec            1   16     100001       0.654         39.640   0.2
--------------------------------------------------------------------------------

               Core t (s)   Wall t (s)        (%)
       Time:     5896.346      368.522     1600.0
                 (ns/day)    (hour/ns)
Performance:       46.890        0.512
Finished mdrun on rank 0 Fri Oct 31 21:41:27 2025

